# JRE version: OpenJDK Runtime Environment (17.0.6) (build 17.0.6+0-b2043.56-10027231)
# Java VM: OpenJDK 64-Bit Server VM (17.0.6+0-b2043.56-10027231, mixed mode, tiered, compressed oops, compressed class ptrs, g1 gc, windows-amd64)
GC Precious Log:
 CPUs: 8 total, 8 available
 Memory: 7991M
 Large Page Support: Disabled
 NUMA Support: Disabled
 Compressed Oops: Enabled (32-bit)
 Heap Region Size: 1M
 Heap Min Capacity: 8M
 Heap Initial Capacity: 126M
 Heap Max Capacity: 2G
 Pre-touch: Disabled
 Parallel Workers: 8
 Concurrent Workers: 2
 Concurrent Refinement Workers: 8
 Periodic GC: Disabled
Heap:
 garbage-first heap   total 325632K, used 188962K [0x0000000080000000, 0x0000000100000000)
  region size 1024K, 13 young (13312K), 13 survivors (13312K)
 Metaspace       used 123230K, committed 124032K, reserved 1163264K
  class space    used 16610K, committed 17024K, reserved 1048576K
GC Heap History (20 events):
Event: 8.160 GC heap after
{Heap after GC invocations=33 (full 0):
 garbage-first heap   total 178176K, used 95545K [0x0000000080000000, 0x0000000100000000)
  region size 1024K, 6 young (6144K), 6 survivors (6144K)
 Metaspace       used 99652K, committed 100352K, reserved 1138688K
  class space    used 13591K, committed 13952K, reserved 1048576K
}
Event: 8.175 GC heap before
{Heap before GC invocations=33 (full 0):
 garbage-first heap   total 178176K, used 96569K [0x0000000080000000, 0x0000000100000000)
  region size 1024K, 8 young (8192K), 6 survivors (6144K)
 Metaspace       used 99676K, committed 100416K, reserved 1138688K
  class space    used 13592K, committed 13952K, reserved 1048576K
}
Event: 8.179 GC heap after
{Heap after GC invocations=34 (full 0):
 garbage-first heap   total 178176K, used 95965K [0x0000000080000000, 0x0000000100000000)
  region size 1024K, 1 young (1024K), 1 survivors (1024K)
 Metaspace       used 99676K, committed 100416K, reserved 1138688K
  class space    used 13592K, committed 13952K, reserved 1048576K
}
Event: 9.186 GC heap before
{Heap before GC invocations=34 (full 0):
 garbage-first heap   total 178176K, used 142045K [0x0000000080000000, 0x0000000100000000)
  region size 1024K, 47 young (48128K), 1 survivors (1024K)
 Metaspace       used 100327K, committed 101120K, reserved 1138688K
  class space    used 13630K, committed 14016K, reserved 1048576K
}
Event: 9.193 GC heap after
{Heap after GC invocations=35 (full 0):
 garbage-first heap   total 178176K, used 106628K [0x0000000080000000, 0x0000000100000000)
  region size 1024K, 6 young (6144K), 6 survivors (6144K)
 Metaspace       used 100327K, committed 101120K, reserved 1138688K
  class space    used 13630K, committed 14016K, reserved 1048576K
}
Event: 9.470 GC heap before
{Heap before GC invocations=36 (full 0):
 garbage-first heap   total 188416K, used 149636K [0x0000000080000000, 0x0000000100000000)
  region size 1024K, 41 young (41984K), 6 survivors (6144K)
 Metaspace       used 100782K, committed 101568K, reserved 1138688K
  class space    used 13667K, committed 14080K, reserved 1048576K
}
Event: 9.475 GC heap after
{Heap after GC invocations=37 (full 0):
 garbage-first heap   total 188416K, used 112036K [0x0000000080000000, 0x0000000100000000)
  region size 1024K, 5 young (5120K), 5 survivors (5120K)
 Metaspace       used 100782K, committed 101568K, reserved 1138688K
  class space    used 13667K, committed 14080K, reserved 1048576K
}
Event: 9.483 GC heap before
{Heap before GC invocations=37 (full 0):
 garbage-first heap   total 188416K, used 115108K [0x0000000080000000, 0x0000000100000000)
  region size 1024K, 9 young (9216K), 5 survivors (5120K)
 Metaspace       used 100851K, committed 101632K, reserved 1138688K
  class space    used 13673K, committed 14080K, reserved 1048576K
}
Event: 9.486 GC heap after
{Heap after GC invocations=38 (full 0):
 garbage-first heap   total 325632K, used 112989K [0x0000000080000000, 0x0000000100000000)
  region size 1024K, 2 young (2048K), 2 survivors (2048K)
 Metaspace       used 100851K, committed 101632K, reserved 1138688K
  class space    used 13673K, committed 14080K, reserved 1048576K
}
Event: 10.529 GC heap before
{Heap before GC invocations=38 (full 0):
 garbage-first heap   total 325632K, used 235869K [0x0000000080000000, 0x0000000100000000)
  region size 1024K, 123 young (125952K), 2 survivors (2048K)
 Metaspace       used 107098K, committed 107904K, reserved 1146880K
  class space    used 14283K, committed 14720K, reserved 1048576K
}
Event: 10.535 GC heap after
{Heap after GC invocations=39 (full 0):
 garbage-first heap   total 325632K, used 116012K [0x0000000080000000, 0x0000000100000000)
  region size 1024K, 5 young (5120K), 5 survivors (5120K)
 Metaspace       used 107098K, committed 107904K, reserved 1146880K
  class space    used 14283K, committed 14720K, reserved 1048576K
}
Event: 10.884 GC heap before
{Heap before GC invocations=39 (full 0):
 garbage-first heap   total 325632K, used 259372K [0x0000000080000000, 0x0000000100000000)
  region size 1024K, 146 young (149504K), 5 survivors (5120K)
 Metaspace       used 108092K, committed 108864K, reserved 1146880K
  class space    used 14366K, committed 14784K, reserved 1048576K
}
Event: 10.888 GC heap after
{Heap after GC invocations=40 (full 0):
 garbage-first heap   total 325632K, used 118429K [0x0000000080000000, 0x0000000100000000)
  region size 1024K, 7 young (7168K), 7 survivors (7168K)
 Metaspace       used 108092K, committed 108864K, reserved 1146880K
  class space    used 14366K, committed 14784K, reserved 1048576K
}
Event: 11.450 GC heap before
{Heap before GC invocations=40 (full 0):
 garbage-first heap   total 325632K, used 263837K [0x0000000080000000, 0x0000000100000000)
  region size 1024K, 148 young (151552K), 7 survivors (7168K)
 Metaspace       used 114411K, committed 115200K, reserved 1155072K
  class space    used 15253K, committed 15680K, reserved 1048576K
}
Event: 11.496 GC heap after
{Heap after GC invocations=41 (full 0):
 garbage-first heap   total 325632K, used 143277K [0x0000000080000000, 0x0000000100000000)
  region size 1024K, 19 young (19456K), 19 survivors (19456K)
 Metaspace       used 114411K, committed 115200K, reserved 1155072K
  class space    used 15253K, committed 15680K, reserved 1048576K
}
Event: 11.706 GC heap before
{Heap before GC invocations=41 (full 0):
 garbage-first heap   total 325632K, used 254893K [0x0000000080000000, 0x0000000100000000)
  region size 1024K, 129 young (132096K), 19 survivors (19456K)
 Metaspace       used 119149K, committed 120000K, reserved 1155072K
  class space    used 15954K, committed 16384K, reserved 1048576K
}
Event: 11.731 GC heap after
{Heap after GC invocations=42 (full 0):
 garbage-first heap   total 325632K, used 158358K [0x0000000080000000, 0x0000000100000000)
  region size 1024K, 17 young (17408K), 17 survivors (17408K)
 Metaspace       used 119149K, committed 120000K, reserved 1155072K
  class space    used 15954K, committed 16384K, reserved 1048576K
}
Event: 11.879 GC heap before
{Heap before GC invocations=42 (full 0):
 garbage-first heap   total 325632K, used 256662K [0x0000000080000000, 0x0000000100000000)
  region size 1024K, 113 young (115712K), 17 survivors (17408K)
 Metaspace       used 121485K, committed 122240K, reserved 1155072K
  class space    used 16326K, committed 16704K, reserved 1048576K
}
Event: 11.900 GC heap after
{Heap after GC invocations=43 (full 0):
 garbage-first heap   total 325632K, used 175441K [0x0000000080000000, 0x0000000100000000)
  region size 1024K, 15 young (15360K), 15 survivors (15360K)
 Metaspace       used 121485K, committed 122240K, reserved 1155072K
  class space    used 16326K, committed 16704K, reserved 1048576K
}
Event: 12.046 GC heap before
{Heap before GC invocations=43 (full 0):
 garbage-first heap   total 325632K, used 258385K [0x0000000080000000, 0x0000000100000000)
  region size 1024K, 97 young (99328K), 15 survivors (15360K)
 Metaspace       used 123230K, committed 124032K, reserved 1163264K
  class space    used 16610K, committed 17024K, reserved 1048576K
}

