# JRE version: OpenJDK Runtime Environment (17.0.6) (build 17.0.6+0-b2043.56-10027231)
# Java VM: OpenJDK 64-Bit Server VM (17.0.6+0-b2043.56-10027231, mixed mode, tiered, compressed oops, compressed class ptrs, g1 gc, windows-amd64)
GC Precious Log:
 CPUs: 8 total, 8 available
 Memory: 7991M
 Large Page Support: Disabled
 NUMA Support: Disabled
 Compressed Oops: Enabled (32-bit)
 Heap Region Size: 1M
 Heap Min Capacity: 8M
 Heap Initial Capacity: 126M
 Heap Max Capacity: 2G
 Pre-touch: Disabled
 Parallel Workers: 8
 Concurrent Workers: 2
 Concurrent Refinement Workers: 8
 Periodic GC: Disabled
Heap:
 garbage-first heap   total 266240K, used 132898K [0x0000000080000000, 0x0000000100000000)
  region size 1024K, 2 young (2048K), 2 survivors (2048K)
 Metaspace       used 111043K, committed 111808K, reserved 1146880K
  class space    used 15326K, committed 15680K, reserved 1048576K
GC Heap History (20 events):
Event: 8.618 GC heap after
{Heap after GC invocations=31 (full 0):
 garbage-first heap   total 148480K, used 71669K [0x0000000080000000, 0x0000000100000000)
  region size 1024K, 7 young (7168K), 7 survivors (7168K)
 Metaspace       used 85777K, committed 86400K, reserved 1130496K
  class space    used 11652K, committed 11968K, reserved 1048576K
}
Event: 9.233 GC heap before
{Heap before GC invocations=31 (full 0):
 garbage-first heap   total 148480K, used 115701K [0x0000000080000000, 0x0000000100000000)
  region size 1024K, 50 young (51200K), 7 survivors (7168K)
 Metaspace       used 91296K, committed 91904K, reserved 1130496K
  class space    used 12450K, committed 12736K, reserved 1048576K
}
Event: 9.240 GC heap after
{Heap after GC invocations=32 (full 0):
 garbage-first heap   total 148480K, used 75472K [0x0000000080000000, 0x0000000100000000)
  region size 1024K, 4 young (4096K), 4 survivors (4096K)
 Metaspace       used 91296K, committed 91904K, reserved 1130496K
  class space    used 12450K, committed 12736K, reserved 1048576K
}
Event: 9.522 GC heap before
{Heap before GC invocations=32 (full 0):
 garbage-first heap   total 148480K, used 117456K [0x0000000080000000, 0x0000000100000000)
  region size 1024K, 45 young (46080K), 4 survivors (4096K)
 Metaspace       used 92654K, committed 93312K, reserved 1130496K
  class space    used 12626K, committed 12928K, reserved 1048576K
}
Event: 9.529 GC heap after
{Heap after GC invocations=33 (full 0):
 garbage-first heap   total 148480K, used 80974K [0x0000000080000000, 0x0000000100000000)
  region size 1024K, 6 young (6144K), 6 survivors (6144K)
 Metaspace       used 92654K, committed 93312K, reserved 1130496K
  class space    used 12626K, committed 12928K, reserved 1048576K
}
Event: 9.898 GC heap before
{Heap before GC invocations=34 (full 0):
 garbage-first heap   total 152576K, used 117838K [0x0000000080000000, 0x0000000100000000)
  region size 1024K, 43 young (44032K), 6 survivors (6144K)
 Metaspace       used 94063K, committed 94720K, reserved 1138688K
  class space    used 12871K, committed 13184K, reserved 1048576K
}
Event: 9.907 GC heap after
{Heap after GC invocations=35 (full 0):
 garbage-first heap   total 152576K, used 86983K [0x0000000080000000, 0x0000000100000000)
  region size 1024K, 6 young (6144K), 6 survivors (6144K)
 Metaspace       used 94063K, committed 94720K, reserved 1138688K
  class space    used 12871K, committed 13184K, reserved 1048576K
}
Event: 9.921 GC heap before
{Heap before GC invocations=35 (full 0):
 garbage-first heap   total 152576K, used 88007K [0x0000000080000000, 0x0000000100000000)
  region size 1024K, 7 young (7168K), 6 survivors (6144K)
 Metaspace       used 94097K, committed 94784K, reserved 1138688K
  class space    used 12874K, committed 13184K, reserved 1048576K
}
Event: 9.929 GC heap after
{Heap after GC invocations=36 (full 0):
 garbage-first heap   total 222208K, used 87651K [0x0000000080000000, 0x0000000100000000)
  region size 1024K, 1 young (1024K), 1 survivors (1024K)
 Metaspace       used 94097K, committed 94784K, reserved 1138688K
  class space    used 12874K, committed 13184K, reserved 1048576K
}
Event: 10.491 GC heap before
{Heap before GC invocations=36 (full 0):
 garbage-first heap   total 222208K, used 171619K [0x0000000080000000, 0x0000000100000000)
  region size 1024K, 83 young (84992K), 1 survivors (1024K)
 Metaspace       used 96429K, committed 97088K, reserved 1138688K
  class space    used 13186K, committed 13504K, reserved 1048576K
}
Event: 10.496 GC heap after
{Heap after GC invocations=37 (full 0):
 garbage-first heap   total 222208K, used 92063K [0x0000000080000000, 0x0000000100000000)
  region size 1024K, 6 young (6144K), 6 survivors (6144K)
 Metaspace       used 96429K, committed 97088K, reserved 1138688K
  class space    used 13186K, committed 13504K, reserved 1048576K
}
Event: 11.145 GC heap before
{Heap before GC invocations=37 (full 0):
 garbage-first heap   total 222208K, used 172959K [0x0000000080000000, 0x0000000100000000)
  region size 1024K, 86 young (88064K), 6 survivors (6144K)
 Metaspace       used 100079K, committed 100800K, reserved 1138688K
  class space    used 13652K, committed 14016K, reserved 1048576K
}
Event: 11.162 GC heap after
{Heap after GC invocations=38 (full 0):
 garbage-first heap   total 222208K, used 101663K [0x0000000080000000, 0x0000000100000000)
  region size 1024K, 11 young (11264K), 11 survivors (11264K)
 Metaspace       used 100079K, committed 100800K, reserved 1138688K
  class space    used 13652K, committed 14016K, reserved 1048576K
}
Event: 11.605 GC heap before
{Heap before GC invocations=38 (full 0):
 garbage-first heap   total 222208K, used 173343K [0x0000000080000000, 0x0000000100000000)
  region size 1024K, 82 young (83968K), 11 survivors (11264K)
 Metaspace       used 106855K, committed 107584K, reserved 1146880K
  class space    used 14629K, committed 14976K, reserved 1048576K
}
Event: 11.630 GC heap after
{Heap after GC invocations=39 (full 0):
 garbage-first heap   total 222208K, used 112188K [0x0000000080000000, 0x0000000100000000)
  region size 1024K, 11 young (11264K), 11 survivors (11264K)
 Metaspace       used 106855K, committed 107584K, reserved 1146880K
  class space    used 14629K, committed 14976K, reserved 1048576K
}
Event: 11.786 GC heap before
{Heap before GC invocations=39 (full 0):
 garbage-first heap   total 222208K, used 176700K [0x0000000080000000, 0x0000000100000000)
  region size 1024K, 74 young (75776K), 11 survivors (11264K)
 Metaspace       used 108728K, committed 109440K, reserved 1146880K
  class space    used 14942K, committed 15296K, reserved 1048576K
}
Event: 11.811 GC heap after
{Heap after GC invocations=40 (full 0):
 garbage-first heap   total 222208K, used 122648K [0x0000000080000000, 0x0000000100000000)
  region size 1024K, 10 young (10240K), 10 survivors (10240K)
 Metaspace       used 108728K, committed 109440K, reserved 1146880K
  class space    used 14942K, committed 15296K, reserved 1048576K
}
Event: 12.164 GC heap before
{Heap before GC invocations=41 (full 0):
 garbage-first heap   total 266240K, used 175896K [0x0000000080000000, 0x0000000100000000)
  region size 1024K, 62 young (63488K), 10 survivors (10240K)
 Metaspace       used 110880K, committed 111680K, reserved 1146880K
  class space    used 15307K, committed 15680K, reserved 1048576K
}
Event: 12.179 GC heap after
{Heap after GC invocations=42 (full 0):
 garbage-first heap   total 266240K, used 131774K [0x0000000080000000, 0x0000000100000000)
  region size 1024K, 8 young (8192K), 8 survivors (8192K)
 Metaspace       used 110880K, committed 111680K, reserved 1146880K
  class space    used 15307K, committed 15680K, reserved 1048576K
}
Event: 12.210 GC heap before
{Heap before GC invocations=42 (full 0):
 garbage-first heap   total 266240K, used 136894K [0x0000000080000000, 0x0000000100000000)
  region size 1024K, 13 young (13312K), 8 survivors (8192K)
 Metaspace       used 111043K, committed 111808K, reserved 1146880K
  class space    used 15326K, committed 15680K, reserved 1048576K
}

